Arguments: 
  E:\Node\node.exe C:\Users\one\AppData\Roaming\npm\node_modules\yarn\bin\yarn.js install

PATH: 
  F:\A---Spring\bladeX\blade\ArcherUI\node_modules\.bin;D:\app\fxl\product\11.1.0\db_1\bin;D:\A-VMware\Xftp\;D:\A-VMware\Xshell\;E:\ProgramData\Anaconda3;E:\ProgramData\Anaconda3\Library\mingw-w64\bin;E:\ProgramData\Anaconda3\Library\usr\bin;E:\ProgramData\Anaconda3\Library\bin;E:\ProgramData\Anaconda3\Scripts;C:\Program Files\Java\jdk1.8.0_144\bin;C:\Program Files (x86)\MySQL\MySQL Server 5.0\bin;C:\windows\system32;E:\Node\;E:\Git\Git\cmd;C:\Windows;C:\Windows\system32;C:\Windows\System32\Wbem;F:\kafka\apache-zookeeper-3.6.1-bin\bin;C:\Program Files\MySQL\MySQL Shell 8.0\bin\;C:\Users\one\AppData\Local\Microsoft\WindowsApps;C:\Program Files\Bandizip\;E:\apache-maven\apache-maven-3.6.3\bin;E:\IDEA\IntelliJ IDEA 2019.3.1\bin;;C:\Users\one\AppData\Roaming\npm;C:\Windows\System32;

Yarn version: 
  1.22.5

Node version: 
  12.16.3

Platform: 
  win32 x64

Trace: 
  Error: EPERM: operation not permitted, unlink 'C:\Users\one\AppData\Local\Yarn\Cache\v6\npm-element-ui-2.13.2-582bf47aaaaaafe23ea1958fae217a687ad06447-integrity\node_modules\element-ui\.yarn-tarball.tgz'

npm manifest: 
  {
    "name": "archer-ui",
    "version": "1.1.0",
    "private": true,
    "scripts": {
      "serve": "vue-cli-service serve",
      "build": "vue-cli-service build",
      "lint": "vue-cli-service lint",
      "analyz": "npm_config_report=true npm run build",
      "test:unit": "vue-cli-service test:unit",
      "test:e2e": "vue-cli-service test:e2e"
    },
    "dependencies": {
      "axios": "^0.18.0",
      "babel-polyfill": "^6.26.0",
      "classlist-polyfill": "^1.2.0",
      "element-ui": "^2.11.1",
      "js-base64": "^2.5.1",
      "js-cookie": "^2.2.0",
      "mockjs": "^1.0.1-beta3",
      "node-gyp": "^5.0.6",
      "nprogress": "^0.2.0",
      "script-loader": "^0.7.2",
      "vue": "^2.5.16",
      "vue-axios": "^2.1.2",
      "vue-codemirror-lite": "^1.0.4",
      "vue-i18n": "^8.7.0",
      "vue-router": "^3.0.1",
      "vuex": "^3.0.1"
    },
    "devDependencies": {
      "@vue/cli-plugin-babel": "^3.1.1",
      "@vue/cli-plugin-eslint": "^3.1.5",
      "@vue/cli-service": "^3.1.4",
      "chai": "^4.1.2",
      "node-sass": "^4.12.0",
      "sass-loader": "^7.0.1",
      "vue-template-compiler": "^2.5.17",
      "webpack-bundle-analyzer": "^3.0.3"
    },
    "lint-staged": {
      "*.js": [
        "vue-cli-service lint",
        "git add"
      ],
      "*.vue": [
        "vue-cli-service lint",
        "git add"
      ]
    }
  }

yarn manifest: 
  No manifest

Lockfile: 
  No lockfile
